# JRE version: OpenJDK Runtime Environment (8.0_212-b04) (build 1.8.0_212-b04)
# Java VM: OpenJDK 64-Bit Server VM (25.212-b04 mixed mode windows-amd64 compressed oops)
Heap:
 PSYoungGen      total 36864K, used 9612K [0x00000000d6d80000, 0x00000000d9680000, 0x0000000100000000)
  eden space 31744K, 15% used [0x00000000d6d80000,0x00000000d725d430,0x00000000d8c80000)
  from space 5120K, 90% used [0x00000000d8c80000,0x00000000d9105d78,0x00000000d9180000)
  to   space 5120K, 0% used [0x00000000d9180000,0x00000000d9180000,0x00000000d9680000)
 ParOldGen       total 84992K, used 6527K [0x0000000084800000, 0x0000000089b00000, 0x00000000d6d80000)
  object space 84992K, 7% used [0x0000000084800000,0x0000000084e5fec8,0x0000000089b00000)
 Metaspace       used 19090K, capacity 19341K, committed 19584K, reserved 1067008K
  class space    used 2092K, capacity 2170K, committed 2176K, reserved 1048576K
GC Heap History (10 events):
Event: 3.314 GC heap before
{Heap before GC invocations=1 (full 0):
 PSYoungGen      total 36864K, used 25169K [0x00000000d6d80000, 0x00000000d9680000, 0x0000000100000000)
  eden space 31744K, 79% used [0x00000000d6d80000,0x00000000d8614418,0x00000000d8c80000)
  from space 5120K, 0% used [0x00000000d9180000,0x00000000d9180000,0x00000000d9680000)
  to   space 5120K, 0% used [0x00000000d8c80000,0x00000000d8c80000,0x00000000d9180000)
 ParOldGen       total 84992K, used 0K [0x0000000084800000, 0x0000000089b00000, 0x00000000d6d80000)
  object space 84992K, 0% used [0x0000000084800000,0x0000000084800000,0x0000000089b00000)
 Metaspace       used 13564K, capacity 13866K, committed 14080K, reserved 1060864K
  class space    used 1683K, capacity 1786K, committed 1792K, reserved 1048576K
Event: 3.321 GC heap after
Heap after GC invocations=1 (full 0):
 PSYoungGen      total 36864K, used 5100K [0x00000000d6d80000, 0x00000000d9680000, 0x0000000100000000)
  eden space 31744K, 0% used [0x00000000d6d80000,0x00000000d6d80000,0x00000000d8c80000)
  from space 5120K, 99% used [0x00000000d8c80000,0x00000000d917b040,0x00000000d9180000)
  to   space 5120K, 0% used [0x00000000d9180000,0x00000000d9180000,0x00000000d9680000)
 ParOldGen       total 84992K, used 1543K [0x0000000084800000, 0x0000000089b00000, 0x00000000d6d80000)
  object space 84992K, 1% used [0x0000000084800000,0x0000000084981d30,0x0000000089b00000)
 Metaspace       used 13564K, capacity 13866K, committed 14080K, reserved 1060864K
  class space    used 1683K, capacity 1786K, committed 1792K, reserved 1048576K
}
Event: 3.321 GC heap before
{Heap before GC invocations=2 (full 1):
 PSYoungGen      total 36864K, used 5100K [0x00000000d6d80000, 0x00000000d9680000, 0x0000000100000000)
  eden space 31744K, 0% used [0x00000000d6d80000,0x00000000d6d80000,0x00000000d8c80000)
  from space 5120K, 99% used [0x00000000d8c80000,0x00000000d917b040,0x00000000d9180000)
  to   space 5120K, 0% used [0x00000000d9180000,0x00000000d9180000,0x00000000d9680000)
 ParOldGen       total 84992K, used 1543K [0x0000000084800000, 0x0000000089b00000, 0x00000000d6d80000)
  object space 84992K, 1% used [0x0000000084800000,0x0000000084981d30,0x0000000089b00000)
 Metaspace       used 13564K, capacity 13866K, committed 14080K, reserved 1060864K
  class space    used 1683K, capacity 1786K, committed 1792K, reserved 1048576K
Event: 3.341 GC heap after
Heap after GC invocations=2 (full 1):
 PSYoungGen      total 36864K, used 0K [0x00000000d6d80000, 0x00000000d9680000, 0x0000000100000000)
  eden space 31744K, 0% used [0x00000000d6d80000,0x00000000d6d80000,0x00000000d8c80000)
  from space 5120K, 0% used [0x00000000d8c80000,0x00000000d8c80000,0x00000000d9180000)
  to   space 5120K, 0% used [0x00000000d9180000,0x00000000d9180000,0x00000000d9680000)
 ParOldGen       total 84992K, used 6502K [0x0000000084800000, 0x0000000089b00000, 0x00000000d6d80000)
  object space 84992K, 7% used [0x0000000084800000,0x0000000084e59998,0x0000000089b00000)
 Metaspace       used 13564K, capacity 13866K, committed 14080K, reserved 1060864K
  class space    used 1683K, capacity 1786K, committed 1792K, reserved 1048576K
}
Event: 3.345 GC heap before
{Heap before GC invocations=3 (full 1):
 PSYoungGen      total 36864K, used 381K [0x00000000d6d80000, 0x00000000d9680000, 0x0000000100000000)
  eden space 31744K, 1% used [0x00000000d6d80000,0x00000000d6ddf690,0x00000000d8c80000)
  from space 5120K, 0% used [0x00000000d8c80000,0x00000000d8c80000,0x00000000d9180000)
  to   space 5120K, 0% used [0x00000000d9180000,0x00000000d9180000,0x00000000d9680000)
 ParOldGen       total 84992K, used 6502K [0x0000000084800000, 0x0000000089b00000, 0x00000000d6d80000)
  object space 84992K, 7% used [0x0000000084800000,0x0000000084e59998,0x0000000089b00000)
 Metaspace       used 13564K, capacity 13866K, committed 14080K, reserved 1060864K
  class space    used 1683K, capacity 1786K, committed 1792K, reserved 1048576K
Event: 3.346 GC heap after
Heap after GC invocations=3 (full 1):
 PSYoungGen      total 36864K, used 64K [0x00000000d6d80000, 0x00000000d9680000, 0x0000000100000000)
  eden space 31744K, 0% used [0x00000000d6d80000,0x00000000d6d80000,0x00000000d8c80000)
  from space 5120K, 1% used [0x00000000d9180000,0x00000000d9190000,0x00000000d9680000)
  to   space 5120K, 0% used [0x00000000d8c80000,0x00000000d8c80000,0x00000000d9180000)
 ParOldGen       total 84992K, used 6502K [0x0000000084800000, 0x0000000089b00000, 0x00000000d6d80000)
  object space 84992K, 7% used [0x0000000084800000,0x0000000084e59998,0x0000000089b00000)
 Metaspace       used 13564K, capacity 13866K, committed 14080K, reserved 1060864K
  class space    used 1683K, capacity 1786K, committed 1792K, reserved 1048576K
}
Event: 3.346 GC heap before
{Heap before GC invocations=4 (full 2):
 PSYoungGen      total 36864K, used 64K [0x00000000d6d80000, 0x00000000d9680000, 0x0000000100000000)
  eden space 31744K, 0% used [0x00000000d6d80000,0x00000000d6d80000,0x00000000d8c80000)
  from space 5120K, 1% used [0x00000000d9180000,0x00000000d9190000,0x00000000d9680000)
  to   space 5120K, 0% used [0x00000000d8c80000,0x00000000d8c80000,0x00000000d9180000)
 ParOldGen       total 84992K, used 6502K [0x0000000084800000, 0x0000000089b00000, 0x00000000d6d80000)
  object space 84992K, 7% used [0x0000000084800000,0x0000000084e59998,0x0000000089b00000)
 Metaspace       used 13564K, capacity 13866K, committed 14080K, reserved 1060864K
  class space    used 1683K, capacity 1786K, committed 1792K, reserved 1048576K
Event: 3.365 GC heap after
Heap after GC invocations=4 (full 2):
 PSYoungGen      total 36864K, used 0K [0x00000000d6d80000, 0x00000000d9680000, 0x0000000100000000)
  eden space 31744K, 0% used [0x00000000d6d80000,0x00000000d6d80000,0x00000000d8c80000)
  from space 5120K, 0% used [0x00000000d9180000,0x00000000d9180000,0x00000000d9680000)
  to   space 5120K, 0% used [0x00000000d8c80000,0x00000000d8c80000,0x00000000d9180000)
 ParOldGen       total 84992K, used 6519K [0x0000000084800000, 0x0000000089b00000, 0x00000000d6d80000)
  object space 84992K, 7% used [0x0000000084800000,0x0000000084e5dec8,0x0000000089b00000)
 Metaspace       used 13564K, capacity 13866K, committed 14080K, reserved 1060864K
  class space    used 1683K, capacity 1786K, committed 1792K, reserved 1048576K
}
Event: 22.621 GC heap before
{Heap before GC invocations=5 (full 2):
 PSYoungGen      total 36864K, used 31744K [0x00000000d6d80000, 0x00000000d9680000, 0x0000000100000000)
  eden space 31744K, 100% used [0x00000000d6d80000,0x00000000d8c80000,0x00000000d8c80000)
  from space 5120K, 0% used [0x00000000d9180000,0x00000000d9180000,0x00000000d9680000)
  to   space 5120K, 0% used [0x00000000d8c80000,0x00000000d8c80000,0x00000000d9180000)
 ParOldGen       total 84992K, used 6519K [0x0000000084800000, 0x0000000089b00000, 0x00000000d6d80000)
  object space 84992K, 7% used [0x0000000084800000,0x0000000084e5dec8,0x0000000089b00000)
 Metaspace       used 19070K, capacity 19341K, committed 19584K, reserved 1067008K
  class space    used 2092K, capacity 2170K, committed 2176K, reserved 1048576K
Event: 22.631 GC heap after
Heap after GC invocations=5 (full 2):
 PSYoungGen      total 36864K, used 4631K [0x00000000d6d80000, 0x00000000d9680000, 0x0000000100000000)
  eden space 31744K, 0% used [0x00000000d6d80000,0x00000000d6d80000,0x00000000d8c80000)
  from space 5120K, 90% used [0x00000000d8c80000,0x00000000d9105d78,0x00000000d9180000)
  to   space 5120K, 0% used [0x00000000d9180000,0x00000000d9180000,0x00000000d9680000)
 ParOldGen       total 84992K, used 6527K [0x0000000084800000, 0x0000000089b00000, 0x00000000d6d80000)
  object space 84992K, 7% used [0x0000000084800000,0x0000000084e5fec8,0x0000000089b00000)
 Metaspace       used 19070K, capacity 19341K, committed 19584K, reserved 1067008K
  class space    used 2092K, capacity 2170K, committed 2176K, reserved 1048576K
}

