# JRE version: OpenJDK Runtime Environment (8.0_212-b04) (build 1.8.0_212-b04)
# Java VM: OpenJDK 64-Bit Server VM (25.212-b04 mixed mode windows-amd64 compressed oops)
Heap:
 PSYoungGen      total 36864K, used 32666K [0x00000000d6d80000, 0x00000000d9680000, 0x0000000100000000)
  eden space 31744K, 86% used [0x00000000d6d80000,0x00000000d8868938,0x00000000d8c80000)
  from space 5120K, 99% used [0x00000000d8c80000,0x00000000d917e168,0x00000000d9180000)
  to   space 5120K, 0% used [0x00000000d9180000,0x00000000d9180000,0x00000000d9680000)
 ParOldGen       total 84992K, used 8489K [0x0000000084800000, 0x0000000089b00000, 0x00000000d6d80000)
  object space 84992K, 9% used [0x0000000084800000,0x000000008504a730,0x0000000089b00000)
 Metaspace       used 19071K, capacity 19341K, committed 19584K, reserved 1067008K
  class space    used 2093K, capacity 2170K, committed 2176K, reserved 1048576K
GC Heap History (10 events):
Event: 1.646 GC heap before
{Heap before GC invocations=1 (full 0):
 PSYoungGen      total 36864K, used 25183K [0x00000000d6d80000, 0x00000000d9680000, 0x0000000100000000)
  eden space 31744K, 79% used [0x00000000d6d80000,0x00000000d8617ec8,0x00000000d8c80000)
  from space 5120K, 0% used [0x00000000d9180000,0x00000000d9180000,0x00000000d9680000)
  to   space 5120K, 0% used [0x00000000d8c80000,0x00000000d8c80000,0x00000000d9180000)
 ParOldGen       total 84992K, used 0K [0x0000000084800000, 0x0000000089b00000, 0x00000000d6d80000)
  object space 84992K, 0% used [0x0000000084800000,0x0000000084800000,0x0000000089b00000)
 Metaspace       used 13520K, capacity 13866K, committed 14080K, reserved 1060864K
  class space    used 1685K, capacity 1786K, committed 1792K, reserved 1048576K
Event: 1.654 GC heap after
Heap after GC invocations=1 (full 0):
 PSYoungGen      total 36864K, used 5104K [0x00000000d6d80000, 0x00000000d9680000, 0x0000000100000000)
  eden space 31744K, 0% used [0x00000000d6d80000,0x00000000d6d80000,0x00000000d8c80000)
  from space 5120K, 99% used [0x00000000d8c80000,0x00000000d917c070,0x00000000d9180000)
  to   space 5120K, 0% used [0x00000000d9180000,0x00000000d9180000,0x00000000d9680000)
 ParOldGen       total 84992K, used 1599K [0x0000000084800000, 0x0000000089b00000, 0x00000000d6d80000)
  object space 84992K, 1% used [0x0000000084800000,0x000000008498feb8,0x0000000089b00000)
 Metaspace       used 13520K, capacity 13866K, committed 14080K, reserved 1060864K
  class space    used 1685K, capacity 1786K, committed 1792K, reserved 1048576K
}
Event: 1.654 GC heap before
{Heap before GC invocations=2 (full 1):
 PSYoungGen      total 36864K, used 5104K [0x00000000d6d80000, 0x00000000d9680000, 0x0000000100000000)
  eden space 31744K, 0% used [0x00000000d6d80000,0x00000000d6d80000,0x00000000d8c80000)
  from space 5120K, 99% used [0x00000000d8c80000,0x00000000d917c070,0x00000000d9180000)
  to   space 5120K, 0% used [0x00000000d9180000,0x00000000d9180000,0x00000000d9680000)
 ParOldGen       total 84992K, used 1599K [0x0000000084800000, 0x0000000089b00000, 0x00000000d6d80000)
  object space 84992K, 1% used [0x0000000084800000,0x000000008498feb8,0x0000000089b00000)
 Metaspace       used 13520K, capacity 13866K, committed 14080K, reserved 1060864K
  class space    used 1685K, capacity 1786K, committed 1792K, reserved 1048576K
Event: 1.676 GC heap after
Heap after GC invocations=2 (full 1):
 PSYoungGen      total 36864K, used 0K [0x00000000d6d80000, 0x00000000d9680000, 0x0000000100000000)
  eden space 31744K, 0% used [0x00000000d6d80000,0x00000000d6d80000,0x00000000d8c80000)
  from space 5120K, 0% used [0x00000000d8c80000,0x00000000d8c80000,0x00000000d9180000)
  to   space 5120K, 0% used [0x00000000d9180000,0x00000000d9180000,0x00000000d9680000)
 ParOldGen       total 84992K, used 6652K [0x0000000084800000, 0x0000000089b00000, 0x00000000d6d80000)
  object space 84992K, 7% used [0x0000000084800000,0x0000000084e7f3f0,0x0000000089b00000)
 Metaspace       used 13520K, capacity 13866K, committed 14080K, reserved 1060864K
  class space    used 1685K, capacity 1786K, committed 1792K, reserved 1048576K
}
Event: 1.676 GC heap before
{Heap before GC invocations=3 (full 1):
 PSYoungGen      total 36864K, used 1016K [0x00000000d6d80000, 0x00000000d9680000, 0x0000000100000000)
  eden space 31744K, 3% used [0x00000000d6d80000,0x00000000d6e7e190,0x00000000d8c80000)
  from space 5120K, 0% used [0x00000000d8c80000,0x00000000d8c80000,0x00000000d9180000)
  to   space 5120K, 0% used [0x00000000d9180000,0x00000000d9180000,0x00000000d9680000)
 ParOldGen       total 84992K, used 6652K [0x0000000084800000, 0x0000000089b00000, 0x00000000d6d80000)
  object space 84992K, 7% used [0x0000000084800000,0x0000000084e7f3f0,0x0000000089b00000)
 Metaspace       used 13520K, capacity 13866K, committed 14080K, reserved 1060864K
  class space    used 1685K, capacity 1786K, committed 1792K, reserved 1048576K
Event: 1.677 GC heap after
Heap after GC invocations=3 (full 1):
 PSYoungGen      total 36864K, used 64K [0x00000000d6d80000, 0x00000000d9680000, 0x0000000100000000)
  eden space 31744K, 0% used [0x00000000d6d80000,0x00000000d6d80000,0x00000000d8c80000)
  from space 5120K, 1% used [0x00000000d9180000,0x00000000d9190000,0x00000000d9680000)
  to   space 5120K, 0% used [0x00000000d8c80000,0x00000000d8c80000,0x00000000d9180000)
 ParOldGen       total 84992K, used 6652K [0x0000000084800000, 0x0000000089b00000, 0x00000000d6d80000)
  object space 84992K, 7% used [0x0000000084800000,0x0000000084e7f3f0,0x0000000089b00000)
 Metaspace       used 13520K, capacity 13866K, committed 14080K, reserved 1060864K
  class space    used 1685K, capacity 1786K, committed 1792K, reserved 1048576K
}
Event: 1.677 GC heap before
{Heap before GC invocations=4 (full 2):
 PSYoungGen      total 36864K, used 64K [0x00000000d6d80000, 0x00000000d9680000, 0x0000000100000000)
  eden space 31744K, 0% used [0x00000000d6d80000,0x00000000d6d80000,0x00000000d8c80000)
  from space 5120K, 1% used [0x00000000d9180000,0x00000000d9190000,0x00000000d9680000)
  to   space 5120K, 0% used [0x00000000d8c80000,0x00000000d8c80000,0x00000000d9180000)
 ParOldGen       total 84992K, used 6652K [0x0000000084800000, 0x0000000089b00000, 0x00000000d6d80000)
  object space 84992K, 7% used [0x0000000084800000,0x0000000084e7f3f0,0x0000000089b00000)
 Metaspace       used 13520K, capacity 13866K, committed 14080K, reserved 1060864K
  class space    used 1685K, capacity 1786K, committed 1792K, reserved 1048576K
Event: 1.701 GC heap after
Heap after GC invocations=4 (full 2):
 PSYoungGen      total 36864K, used 0K [0x00000000d6d80000, 0x00000000d9680000, 0x0000000100000000)
  eden space 31744K, 0% used [0x00000000d6d80000,0x00000000d6d80000,0x00000000d8c80000)
  from space 5120K, 0% used [0x00000000d9180000,0x00000000d9180000,0x00000000d9680000)
  to   space 5120K, 0% used [0x00000000d8c80000,0x00000000d8c80000,0x00000000d9180000)
 ParOldGen       total 84992K, used 6653K [0x0000000084800000, 0x0000000089b00000, 0x00000000d6d80000)
  object space 84992K, 7% used [0x0000000084800000,0x0000000084e7f440,0x0000000089b00000)
 Metaspace       used 13520K, capacity 13866K, committed 14080K, reserved 1060864K
  class space    used 1685K, capacity 1786K, committed 1792K, reserved 1048576K
}
Event: 5.983 GC heap before
{Heap before GC invocations=5 (full 2):
 PSYoungGen      total 36864K, used 31744K [0x00000000d6d80000, 0x00000000d9680000, 0x0000000100000000)
  eden space 31744K, 100% used [0x00000000d6d80000,0x00000000d8c80000,0x00000000d8c80000)
  from space 5120K, 0% used [0x00000000d9180000,0x00000000d9180000,0x00000000d9680000)
  to   space 5120K, 0% used [0x00000000d8c80000,0x00000000d8c80000,0x00000000d9180000)
 ParOldGen       total 84992K, used 6653K [0x0000000084800000, 0x0000000089b00000, 0x00000000d6d80000)
  object space 84992K, 7% used [0x0000000084800000,0x0000000084e7f440,0x0000000089b00000)
 Metaspace       used 18946K, capacity 19213K, committed 19328K, reserved 1067008K
  class space    used 2093K, capacity 2170K, committed 2176K, reserved 1048576K
Event: 5.995 GC heap after
Heap after GC invocations=5 (full 2):
 PSYoungGen      total 36864K, used 5112K [0x00000000d6d80000, 0x00000000d9680000, 0x0000000100000000)
  eden space 31744K, 0% used [0x00000000d6d80000,0x00000000d6d80000,0x00000000d8c80000)
  from space 5120K, 99% used [0x00000000d8c80000,0x00000000d917e168,0x00000000d9180000)
  to   space 5120K, 0% used [0x00000000d9180000,0x00000000d9180000,0x00000000d9680000)
 ParOldGen       total 84992K, used 8489K [0x0000000084800000, 0x0000000089b00000, 0x00000000d6d80000)
  object space 84992K, 9% used [0x0000000084800000,0x000000008504a730,0x0000000089b00000)
 Metaspace       used 18946K, capacity 19213K, committed 19328K, reserved 1067008K
  class space    used 2093K, capacity 2170K, committed 2176K, reserved 1048576K
}

